0 info it worked if it ends with ok
1 verbose cli [ '/home/caleb/.nvm/versions/node/v4.3.0/bin/node',
1 verbose cli   '/home/caleb/.nvm/versions/node/v4.3.0/bin/npm',
1 verbose cli   'start' ]
2 info using npm@2.14.12
3 info using node@v4.3.0
4 verbose run-script [ 'prestart', 'start', 'poststart' ]
5 info prestart algdb@0.0.0
6 info start algdb@0.0.0
7 verbose unsafe-perm in lifecycle true
8 info algdb@0.0.0 Failed to exec start script
9 verbose stack Error: algdb@0.0.0 start: `webpack-dev-server --hot --inline`
9 verbose stack Exit status 1
9 verbose stack     at EventEmitter.<anonymous> (/home/caleb/.nvm/versions/node/v4.3.0/lib/node_modules/npm/lib/utils/lifecycle.js:214:16)
9 verbose stack     at emitTwo (events.js:87:13)
9 verbose stack     at EventEmitter.emit (events.js:172:7)
9 verbose stack     at ChildProcess.<anonymous> (/home/caleb/.nvm/versions/node/v4.3.0/lib/node_modules/npm/lib/utils/spawn.js:24:14)
9 verbose stack     at emitTwo (events.js:87:13)
9 verbose stack     at ChildProcess.emit (events.js:172:7)
9 verbose stack     at maybeClose (internal/child_process.js:821:16)
9 verbose stack     at Process.ChildProcess._handle.onexit (internal/child_process.js:211:5)
10 verbose pkgid algdb@0.0.0
11 verbose cwd /home/caleb/websites/algdb
12 error Linux 4.2.0-040200rc2-generic
13 error argv "/home/caleb/.nvm/versions/node/v4.3.0/bin/node" "/home/caleb/.nvm/versions/node/v4.3.0/bin/npm" "start"
14 error node v4.3.0
15 error npm  v2.14.12
16 error code ELIFECYCLE
17 error algdb@0.0.0 start: `webpack-dev-server --hot --inline`
17 error Exit status 1
18 error Failed at the algdb@0.0.0 start script 'webpack-dev-server --hot --inline'.
18 error This is most likely a problem with the algdb package,
18 error not with npm itself.
18 error Tell the author that this fails on your system:
18 error     webpack-dev-server --hot --inline
18 error You can get their info via:
18 error     npm owner ls algdb
18 error There is likely additional logging output above.
19 verbose exit [ 1, true ]
